03/02/2020 01:05:31  Start Running !!
03/02/2020 01:05:31 Have request ID = 1
03/02/2020 01:05:31 Lab_request_data(NW) are: MSH|^~\&|HIS|BMSHOSxP|LIS|roche|20191030154240||ORM^O01|12138RQ13|P|2.3||||||| 
PID|1||000115851|0144756336603|อีกครั้ง^ทดสอบอีก^^คุณหญิง^คุณหญิง|^|19981011000000|F||2028-9|11 หมู่ 1 ถนน สวยงาม^ดุสิต^เขตมีนบุรี^กรุงเทพมหานคร^10200||||||||||||||||||| 
PV1|1|O|03^007||||300^ทดสอบบบบบบ|||12120|011^ER||||||^ทดสอบบบบบบ|10^ชำระเงินครบ|620620124730|||||||||||||||||||||||||20190620124730||||||| 
ORC|NW|12139|12139||R||||20191030154240|||300^ทดสอบบบบบบ||||||DESKTOP-K68J5R4| 
OBR|1|12139|12139|12^CBC^HEMATOLOGY^^^HEMATOLOGY|R|20191030154240||||||||||300^ทดสอบบบบบบ||007^ห้อง LAB|||||||||||||||||||||||| 
OBR|2|12139|12139|57^FBS^CHEMISTRY^^^BIOCHEMISTRY|R|20191030154240||||||||||300^ทดสอบบบบบบ||007^ห้อง LAB|||||||||||||||||||||||| 
OBR|3|12139|12139|101^Bloog Gag^BLOOD GAS^^^BLOOD GAS|R|20191030154240||||||||||300^ทดสอบบบบบบ||007^ห้อง LAB|||||||||||||||||||||||| 
03/02/2020 01:05:31 Save Lab_request_data to : C:\Users\Administrator\Desktop\nextit\InterfaceRequest\bin\Debug\requestdata\20190624034042_000115851.HL7



03/02/2020 01:05:33  Start Running !!
03/02/2020 01:05:33 Have request ID = 2
03/02/2020 01:05:33 Lab_request_data(NW) are: MSH|^~\&|HIS|BMSHOSxP|LIS|roche|20190624152841||ORM^O01|12138RQ14|P|2.3||||||| 
PID|1||000115851|0144756336603|อีกครั้ง^ทดสอบอีก^^คุณหญิง^คุณหญิง|^|19981011000000|F||2028-9|11 หมู่ 1 ถนน สวยงาม^ดุสิต^เขตมีนบุรี^กรุงเทพมหานคร^10200||||||||||||||||||| 
PV1|1|O|03^007||||300^ทดสอบบบบบบ|||12120|007^ห้อง LAB||||||^ทดสอบบบบบบ|10^ชำระเงินครบ|620620124730|||||||||||||||||||||||||20190620124730||||||| 
ORC|CR|12138|12138||R|||||||300^ทดสอบบบบบบ||||||DESKTOP-K68J5R4| 
OBR|1|12138|12138|709^BUN^CHEMISTRY^^^BIOCHEMISTRY|R|||||||||||300^ทดสอบบบบบบ||007^ห้อง LAB|||||||||||||||||||||||| 
OBR|2|12138|12138|p17^Liver Function Test^CHEMISTRY^^^BIOCHEMISTRY|R|||||||||||300^ทดสอบบบบบบ||007^ห้อง LAB|||||||||||||||||||||||| 
OBR|3|12138|12138|710^Creatinine^CHEMISTRY^^^BIOCHEMISTRY|R|||||||||||300^ทดสอบบบบบบ||007^ห้อง LAB|||||||||||||||||||||||| 

03/02/2020 01:05:33 Save Lab_request_data to : C:\Users\Administrator\Desktop\nextit\InterfaceRequest\bin\Debug\requestdata\20190624034128_000115851.HL7



03/02/2020 01:05:35  Start Running !!
03/02/2020 01:05:35 Have request ID = 3
03/02/2020 01:05:35 Lab_request_data(NW) are: MSH|^~\&|HIS|BMSHOSxP|LIS|roche|20190624154141||ORM^O01|12138RQ15|P|2.3||||||| 
PID|1||000115851|0144756336603|อีกครั้ง^ทดสอบอีก^^คุณหญิง^คุณหญิง|^|19981011000000|F||2028-9|11 หมู่ 1 ถนน สวยงาม^ดุสิต^เขตมีนบุรี^กรุงเทพมหานคร^10200||||||||||||||||||| 
PV1|1|O|03^007||||300^ทดสอบบบบบบ|||12120|007^ห้อง LAB||||||^ทดสอบบบบบบ|10^ชำระเงินครบ|620620124730|||||||||||||||||||||||||20190620124730||||||| 
ORC|RP|12138|12138||R|||||||300^ทดสอบบบบบบ||||||DESKTOP-K68J5R4| 
OBR|1|12138|12138|709^BUN^CHEMISTRY^^^BIOCHEMISTRY|R|||||||||||300^ทดสอบบบบบบ||007^ห้อง LAB|||||||||||||||||||||||| 
OBR|2|12138|12138|p17^Liver Function Test^CHEMISTRY^^^BIOCHEMISTRY|R|||||||||||300^ทดสอบบบบบบ||007^ห้อง LAB|||||||||||||||||||||||| 
OBR|3|12138|12138|710^Creatinine^CHEMISTRY^^^BIOCHEMISTRY|R|||||||||||300^ทดสอบบบบบบ||007^ห้อง LAB|||||||||||||||||||||||| 

03/02/2020 01:05:35 Save Lab_request_data to : C:\Users\Administrator\Desktop\nextit\InterfaceRequest\bin\Debug\requestdata\20190624034141_000115851.HL7



03/02/2020 01:05:37  Start Running !!
03/02/2020 01:05:37 Have request ID = 4
03/02/2020 01:05:37 Lab_request_data(NW) are: MSH|^~\&|HIS|BMSHOSxP|LIS|roche|20190624155341||ORM^O01|12138RQ16|P|2.3||||||| 
PID|1
PV1|1
ORC|CA|12138|12138
OBR|1|12138

03/02/2020 01:05:37 Save Lab_request_data to : C:\Users\Administrator\Desktop\nextit\InterfaceRequest\bin\Debug\requestdata\20190624034153_000115851.HL7



03/02/2020 01:05:39  Start Running !!
03/02/2020 01:05:39 Have request ID = 5
03/02/2020 01:05:39 Lab_request_data(NW) are: MSH|^~\&|HIS|BMSHOSxP|LIS|NEXIT|20191016094821||ORM^O01|246EX526160331|P|2.3
PID|1||0000002|1111111111111|ระบบ-1^ทดสอบ^^นาย||19760901000000|M||2028-9|1 หมู่ 1 ถนน ถนน^ลาดยาว^เขตจตุจักร^กรุงเทพมหานคร
PV1|1|O|96^014|||||||11746|001^1209. จุดคัดกรอง ANC|||||||10|580525164315|||||||||||||||||||||||||20150604094821
ORC|NW|246|246||||||20191016094821
OBR|1|246|246|70^Lipid Profile|R|||||||||||||002^1102. ห้องเวชระเบียน1(ศรีนครินทร์)
03/02/2020 01:05:39 Save Lab_request_data to : C:\Users\Administrator\Desktop\nextit\InterfaceRequest\bin\Debug\requestdata\20150217111122_000115851.HL7



03/02/2020 01:05:41  Start Running !!
03/02/2020 01:05:41 Have request ID = 6
03/02/2020 01:05:41 Lab_request_data(NW) are: MSH|^~\&|HIS|BMSHOSxP|LIS||20191104162408||ORM^O01|61546962RQ525875|P|2.3||||||| 
PID|1||560038690|3130700281570|จิตรพรทรัพย์^ขวัญเรือน^^นาง^นาง|^|19700119000000|F||2028-9|2/1 หมู่ 2 ถนน ^คลองควาย^^ปทุมธานี||089-0805648||||||||||||||||| 
PV1|1|O|03^094||||0954^อำไพ  คำแก้ว|||11800|094^094 สูติ-นรีเวชกรรม (B3)||||||1104^อำไพ  คำแก้ว|17^17 บัตรลด 10%|621104082146|||||||||||||||||||||||||20191104082146||||||| 
ORC|NW|6154696|6154696||||||20191104160927|||1104^กิตติ  วิชัย (นพ.)||||||LABROOM01|0707^มสารัศม์ เกียรติชนะพงษ์
OBR|1|6154696|6154696|931^THIN PREP^โปรแกรมพิเศษ^^^OUT LAB|R|20191104082351||||||||||1104^กิตติ  วิชัย (นพ.)||094^094 สูติ-นรีเวชกรรม (B3)|||||||||||||||||||||||| 

03/02/2020 01:05:41 Save Lab_request_data to : C:\Users\Administrator\Desktop\nextit\InterfaceRequest\bin\Debug\requestdata\20191104044952_560038690.HL7



03/02/2020 01:05:43  Start Running !!
03/02/2020 01:05:43 Have request ID = 7
03/02/2020 01:05:43 Lab_request_data(NW) are: MSH|^~\&|HIS|BMSHOSxP|LIS||20191104190903||ORM^O01|61547714RQ525968|P|2.3||||||| 
PID|1||620030386|0024011284513|SOE^KO^^Mr.^Mr.|^|19861104000000|M||2028-9|165/2 หมู่ 17^ท่าไข่^^ฉะเชิงเทรา^24000||||||||||||||||||| 
PV1|1|I|701^7201^710-A||620015654||2713^อติกานต์ ภาระกิจ|||11800|701^WARD 7A||||||1613^ชูนุช เจริญพร(พญ.)|34^34 ปกส (ประกันสังคม)|621104083436|||||||||||||||||||||||||20191104105547||||||| 
ORC|NW|61547714|61547714||||||20191104190304|||0135^ธัชชัย ทนานนท์  (นพ.)||||||LABROOM01|0707^มสารัศม์ เกียรติชนะพงษ์
OBR|1|61547714|61547714|P66^HEMO Culture + Sensitivity ขวดที่ 1^05 MICROSCOPIC^^^MICROSCOPIC|R|20191104174733||||||||||0135^ธัชชัย ทนานนท์  (นพ.)||701^WARD 7A||||||||||||||||||||||||

03/02/2020 01:05:43 Save Lab_request_data to : C:\Users\Administrator\Desktop\nextit\InterfaceRequest\bin\Debug\requestdata\20191104074538_620030386.HL7



03/02/2020 01:05:45  Start Running !!
03/02/2020 01:05:45 Have request ID = 8
03/02/2020 01:05:45 Lab_request_data(NW) are: MSH|^~\&|HIS|BMSHOSxP|LIS||20191104163055||ORM^O01|61547606RQ525897|P|2.3||||||| 
PID|1||620030425|0074015969669|LON^NAN YEIN^^Miss.^Miss.|^|19931223000000|F||2028-9|19/2 หมู่ 2^โคกขาม^^สมุทรสาคร^75000||||||||||||||||||| 
PV1|1|O|15^063||||2026^ฐาปนี หาญวีระ|||11800|063^063 อายุรกรรม ER (OD)||||||0060^ฐาปนี หาญวีระ|10^10 เงินสด|621104133129|||||||||||||||||||||||||20191104133129||||||| 
ORC|NW|6154760|61547606||||||20191104165525|||0060^จิราภา ทองผิว  (พญ.)||||||LABROOM01|0707^มสารัศม์ เกียรติชนะพงษ์
OBR|1|6154760|61547606|P68^Kidney Function (BUN/Cr)^02 CHEMISTRY^^^CHEMISTRY|R|20191104151034||||||||||0060^จิราภา ทองผิว  (พญ.)||063^063 อายุรกรรม ER (OD)|||||||||||||||||||||||| 
OBR|2|6154760|61547606|P81^LFT 2 (Alb/Glob/Bilirubin/OT/PT/Alk)^02 CHEMISTRY^^^CHEMISTRY|R|20191104151034||||||||||0060^จิราภา ทองผิว  (พญ.)||063^063 อายุรกรรม ER (OD)|||||||||||||||||||||||| 


03/02/2020 01:05:45 Save Lab_request_data to : C:\Users\Administrator\Desktop\nextit\InterfaceRequest\bin\Debug\requestdata\20191104075838_620030425.HL7



03/02/2020 01:05:47  Start Running !!
03/02/2020 01:05:47 Have request ID = 9
03/02/2020 01:05:47 Lab_request_data(NW) are: MSH|^~\&|HIS|BMSHOSxP|LIS||20191125004411||ORM^O01|61571230RQ548908|P|2.3||||||| 
PID|1||520000908|3501600016839|รินทะกะ^ฟ้ามุ่ย^^น.ส.^น.ส.|รินทะกะ^เพ็ญจันทร์|19750909000000|F||2028-9|111/972 หมู่ 1 ถนน ^บึงยี่โถ^^ปทุมธานี^12130||081-5519986||||||||||||||||| 
PV1|1|I|602^212^6212-B||620016724||0798^ศิริกุล กัลปพฤกษ์|||11800|602^WARD 6B||||||0470^อิทธิพงษ์ บินอุมา  (นพ.)|34^34 ปกส (ประกันสังคม)|621124224136|||||||||||||||||||||||||20191124234928||||||| 
ORC|NW|61571230|61571230||||||20191125001015|||1199^ดุสิต ขำอยู่(นพ.)||||||LABROOM01|0483^ธนพร แย้มเจริญวงศ์
OBR|1|61571230|61571230|P121^ELECTROLYTE (NA,K,CL,CO2) (IPD)^02 CHEMISTRY^^^CHEMISTRY|R|20191125000544||||||||||1199^ดุสิต ขำอยู่(นพ.)||602^WARD 6B|||||||||||||||||||||||| 
OBR|2|61571230|61571230|P68^Kidney Function (BUN/Cr)^02 CHEMISTRY^^^CHEMISTRY|R|20191125000544||||||||||1199^ดุสิต ขำอยู่(นพ.)||602^WARD 6B|||||||||||||||||||||||| 

03/02/2020 01:05:47 Save Lab_request_data to : C:\Users\Administrator\Desktop\nextit\InterfaceRequest\bin\Debug\requestdata\20191225110635_520000908.HL7



03/02/2020 01:05:49  Start Running !!
03/02/2020 01:05:49 Have request ID = 10
03/02/2020 01:05:49 Lab_request_data(NW) are: MSH|^~\&|HIS|BMSHOSxP|LIS||20191125004911||ORM^O01|61571231RQ548909|P|2.3||||||| 
PID|1||520000908|3501600016839|รินทะกะ^ฟ้ามุ่ย^^น.ส.^น.ส.|รินทะกะ^เพ็ญจันทร์|19750909000000|F||2028-9|111/972 หมู่ 1 ถนน ^บึงยี่โถ^^ปทุมธานี^12130||081-5519986||||||||||||||||| 
PV1|1|I|602^212^6212-B||620016724||0798^ศิริกุล กัลปพฤกษ์|||11800|602^WARD 6B||||||0470^อิทธิพงษ์ บินอุมา  (นพ.)|34^34 ปกส (ประกันสังคม)|621124224136|||||||||||||||||||||||||20191124234928||||||| 
ORC|NW|61571231|61571231||||||20191125001016|||1199^ดุสิต ขำอยู่(นพ.)||||||LABROOM01|0483^ธนพร แย้มเจริญวงศ์
OBR|1|61571231|61571231|P12^CBC^03 HEMATOLOGY^^^HEMATOLOGY|R|20191125000544||||||||||1199^ดุสิต ขำอยู่(นพ.)||602^WARD 6B|||||||||||||||||||||||| 

03/02/2020 01:05:49 Save Lab_request_data to : C:\Users\Administrator\Desktop\nextit\InterfaceRequest\bin\Debug\requestdata\20191225111110_520000908.HL7



03/02/2020 01:05:51  Start Running !!
03/02/2020 01:05:51 Have request ID = 11
03/02/2020 01:05:51 Lab_request_data(NW) are: MSH|^~\&|HIS|BMSHOSxP|LIS||20191125004411||ORM^O01|61571230RQ548908|P|2.3||||||| 
PID|1||520000908|3501600016839|รินทะกะ^ฟ้ามุ่ย^^น.ส.^น.ส.|รินทะกะ^เพ็ญจันทร์|19750909000000|F||2028-9|111/972 หมู่ 1 ถนน ^บึงยี่โถ^^ปทุมธานี^12130||081-5519986||||||||||||||||| 
PV1|1|I|602^212^6212-B||620016724||0798^ศิริกุล กัลปพฤกษ์|||11800|602^WARD 6B||||||0470^อิทธิพงษ์ บินอุมา  (นพ.)|34^34 ปกส (ประกันสังคม)|621124224136|||||||||||||||||||||||||20191124234928||||||| 
ORC|NW|61571232|61571232||||||20191125001015|||1199^ดุสิต ขำอยู่(นพ.)||||||LABROOM01|0483^ธนพร แย้มเจริญวงศ์
OBR|1|61571232|61571232|P70^Lipid Profile 2 (Chol/Trig/HDL/LDL)^02 CHEMISTRY^^^CHEMISTRY|R|20191125060000||||||||||1199^ดุสิต ขำอยู่(นพ.)||701^WARD 7A|||||||||||||||||||||||| 
OBR|2|61571232|61571232|1^SUGAR (BLOOD GLUCOSE)^02 CHEMISTRY^^^CHEMISTRY|R|20191125060000||||||||||1199^ดุสิต ขำอยู่(นพ.)||701^WARD 7A|||||||||||||||||||||||| 

03/02/2020 01:05:51 Save Lab_request_data to : C:\Users\Administrator\Desktop\nextit\InterfaceRequest\bin\Debug\requestdata\20191225111520_520000908.HL7



03/02/2020 01:05:53  Start Running !!
03/02/2020 01:05:53 Have request ID = 12
03/02/2020 01:05:53 Lab_request_data(NW) are: MSH|^~\&|HIS|BMSHOSxP|LIS||20191126004230||ORM^O01|61572312RQ549939|P|2.3||||||| 
PID|1||600020452|3251000124706|สุดใจรัก^ทองห่อ^^นาง^นาง|ทองสุก^บุญ|19490601000000|F||2028-9|989 หมู่ 5 ถนน ^ประชาธิปัตย์^^ปทุมธานี||086-9947145||||||||||||||||| 
PV1|1|I|602^212^6205-A||620016776||1374^นิตยา ศรีภีกดี|||11800|602^WARD 6B||||||0005^กฤษฎา สงวนพงษ์ (นพ.)|34^34 ปกส (ประกันสังคม)|621125214625|||||||||||||||||||||||||20191125234859||||||| 
ORC|NW|61572312|61572312||||||20191126003201|||0080^ชาคริต ตรียะวรางพันธ์  (นพ.)||||||LABROOM01|0483^ธนพร แย้มเจริญวงศ์
OBR|1|61572312|61572312|P121^ELECTROLYTE (NA,K,CL,CO2) (IPD)^02 CHEMISTRY^^^CHEMISTRY|R|20191126001453||||||||||0080^ชาคริต ตรียะวรางพันธ์  (นพ.)||602^WARD 6B|||||||||||||||||||||||| 
OBR|2|61572312|61572312|P68^Kidney Function (BUN/Cr)^02 CHEMISTRY^^^CHEMISTRY|R|20191126001453||||||||||0080^ชาคริต ตรียะวรางพันธ์  (นพ.)||602^WARD 6B|||||||||||||||||||||||| 
OBR|3|61572312|61572312|P81^LFT 2 (Alb/Glob/Bilirubin/OT/PT/Alk)^02 CHEMISTRY^^^CHEMISTRY|R|20191126001453||||||||||0080^ชาคริต ตรียะวรางพันธ์  (นพ.)||602^WARD 6B|||||||||||||||||||||||| 

03/02/2020 01:05:53 Save Lab_request_data to : C:\Users\Administrator\Desktop\nextit\InterfaceRequest\bin\Debug\requestdata\20191225023106_600020452.HL7



03/02/2020 01:05:55  Start Running !!
03/02/2020 01:05:55 Have request ID = 15
03/02/2020 01:05:55 Lab_request_data(NW) are: MSH|^~\&|HIS|BMSHOSxP|LIS||20191126002735||ORM^O01|61571808RQ549962|P|2.3||||||| 
PID|1||620016580|1103700026959|จำปา^อรรคพล^^นาย^นาย|จำปา^พันธทิพย์|19900101000000|M||2028-9|40/05112 หมู่ 13^คลองหนึ่ง^^ปทุมธานี^12120||||||||||||||||||| 
PV1|1|I|502^5B09^5209-V||620016498||1078^วรัญญา ใจหงิม|||11800|502^WARD 5B||||||0542^ประเวส ติยะพัฒนพูติ (นพ.)|34^34 ปกส (ประกันสังคม)|621120090437|||||||||||||||||||||||||20191120094504||||||| 
ORC|NW|61571808|61571808||||||20191126003638|||0542^ประเวส ติยะพัฒนพูติ (นพ.)||||||LABROOM01|0483^ธนพร แย้มเจริญวงศ์
OBR|1|61571808|61571808|P12^CBC^03 HEMATOLOGY^^^HEMATOLOGY|R|20191126060000||||||||||0542^ประเวส ติยะพัฒนพูติ (นพ.)||502^WARD 5B|||||||||||||||||||||||| 

03/02/2020 01:05:55 Save Lab_request_data to : C:\Users\Administrator\Desktop\nextit\InterfaceRequest\bin\Debug\requestdata\20191225030629_620016580.HL7



03/02/2020 01:05:57  Start Running !!
03/02/2020 01:05:57 Have request ID = 13
03/02/2020 01:05:57 Lab_request_data(NW) are: MSH|^~\&|HIS|BMSHOSxP|LIS||20191126004930||ORM^O01|61572313RQ549941|P|2.3||||||| 
PID|1||600020452|3251000124706|สุดใจรัก^ทองห่อ^^นาง^นาง|ทองสุก^บุญ|19490601000000|F||2028-9|989 หมู่ 5 ถนน ^ประชาธิปัตย์^^ปทุมธานี||086-9947145||||||||||||||||| 
PV1|1|I|602^212^6205-A||620016776||1374^นิตยา ศรีภีกดี|||11800|602^WARD 6B||||||0005^กฤษฎา สงวนพงษ์ (นพ.)|34^34 ปกส (ประกันสังคม)|621125214625|||||||||||||||||||||||||20191125234859||||||| 
ORC|NW|61572313|61572313||||||20191126003202|||0080^ชาคริต ตรียะวรางพันธ์  (นพ.)||||||LABROOM01|0483^ธนพร แย้มเจริญวงศ์
OBR|1|61572313|61572313|P12^CBC^03 HEMATOLOGY^^^HEMATOLOGY|R|20191126001453||||||||||0080^ชาคริต ตรียะวรางพันธ์  (นพ.)||602^WARD 6B|||||||||||||||||||||||| 

03/02/2020 01:05:57 Save Lab_request_data to : C:\Users\Administrator\Desktop\nextit\InterfaceRequest\bin\Debug\requestdata\20191225023315_600020452.HL7



03/02/2020 01:05:59  Start Running !!
03/02/2020 01:05:59 Have request ID = 14
03/02/2020 01:05:59 Lab_request_data(NW) are: MSH|^~\&|HIS|BMSHOSxP|LIS||20191126002235||ORM^O01|61571807RQ549961|P|2.3||||||| 
PID|1||620016580|1103700026959|จำปา^อรรคพล^^นาย^นาย|จำปา^พันธทิพย์|19900101000000|M||2028-9|40/05112 หมู่ 13^คลองหนึ่ง^^ปทุมธานี^12120||||||||||||||||||| 
PV1|1|I|502^5B09^5209-V||620016498||1078^วรัญญา ใจหงิม|||11800|502^WARD 5B||||||0542^ประเวส ติยะพัฒนพูติ (นพ.)|34^34 ปกส (ประกันสังคม)|621120090437|||||||||||||||||||||||||20191120094504||||||| 
ORC|NW|61571807|61571807||||||20191126003638|||0542^ประเวส ติยะพัฒนพูติ (นพ.)||||||LABROOM01|0483^ธนพร แย้มเจริญวงศ์
OBR|1|61571807|61571807|P121^ELECTROLYTE (NA,K,CL,CO2) (IPD)^02 CHEMISTRY^^^CHEMISTRY|R|20191126060000||||||||||0542^ประเวส ติยะพัฒนพูติ (นพ.)||502^WARD 5B|||||||||||||||||||||||| 

03/02/2020 01:05:59 Save Lab_request_data to : C:\Users\Administrator\Desktop\nextit\InterfaceRequest\bin\Debug\requestdata\20191225030415_620016580.HL7



03/02/2020 01:06:01  Start Running !!
03/02/2020 01:06:01 Have request ID = 16
03/02/2020 01:06:01 Lab_request_data(NW) are: MSH|^~\&|HIS|BMSHOSxP|LIS||20191126003336||ORM^O01|61571701RQ549965|P|2.3||||||| 
PID|1||540035482|3130500117253|ชุมแสง ณ อยุธยา^ลำภู^^นาง^นาง|แหลมภู่^ผาด|19490101000000|F||2028-9|30/1 หมู่ 5 ถนน ^ระแหง^^ปทุมธานี^12140||087-0506942||||||||||||||||| 
PV1|1|I|502^210^5212||620016696||2324^พจนีย์ มณฑปใหญ่|||11800|502^WARD 5B||||||1465^ชัชชญา ธิราวิทย์ (พญ.)|60^60 บัตรทอง 2556|621124115542|||||||||||||||||||||||||20191124141012||||||| 
ORC|NW|61571701|61571701||||||20191126003748|||0135^ธัชชัย ทนานนท์  (นพ.)||||||LABROOM01|0483^ธนพร แย้มเจริญวงศ์
OBR|1|61571701|61571701|P42^PT (Prothrombin time) / INR.^03 HEMATOLOGY^^^HEMATOLOGY|R|20191126060000||||||||||0135^ธัชชัย ทนานนท์  (นพ.)||502^WARD 5B|||||||||||||||||||||||| 
OBR|2|61571701|61571701|119^PTT (PARTIAL THROMBOPLASTIN TIME)^03 HEMATOLOGY^^^HEMATOLOGY|R|20191126060000||||||||||0135^ธัชชัย ทนานนท์  (นพ.)||502^WARD 5B|||||||||||||||||||||||| 
OBR|3|61571701|61571701|P12^CBC^03 HEMATOLOGY^^^HEMATOLOGY|R|20191126060000||||||||||0135^ธัชชัย ทนานนท์  (นพ.)||502^WARD 5B|||||||||||||||||||||||| 

03/02/2020 01:06:01 Save Lab_request_data to : C:\Users\Administrator\Desktop\nextit\InterfaceRequest\bin\Debug\requestdata\20191225031448_540035482.HL7



03/02/2020 01:06:03  Start Running !!
03/02/2020 01:06:03 Have request ID = 17
03/02/2020 01:06:03 Lab_request_data(NW) are: MSH|^~\&|HIS|BMSHOSxP|LIS||20191126005439||ORM^O01|61572303RQ549967|P|2.3||||||| 
PID|1||560017973|1130500055138|แก้วปทุม^เริงใจ^^น.ส.^น.ส.|แก้วปทุม^คุณสมพร|19900309000000|F||2028-9|50/4 หมู่ 2 ถนน ^ลาดหลุมแก้ว^^ปทุมธานี^12140||||||||||||||||||| 
PV1|1|I|203^203^ICU-02||620015143||1078^วรัญญา ใจหงิม|||11800|203^ICU||||||0060^จิราภา ทองผิว  (พญ.)|34^34 ปกส (ประกันสังคม)|621025095012|||||||||||||||||||||||||20191025133336||||||| 
ORC|NW|61572303|61572303||||||20191126004111|||1170^สมฤธัต ศิลารัตน์(นพ.)||||||LABROOM01|0483^ธนพร แย้มเจริญวงศ์
OBR|1|61572303|61572303|P121^ELECTROLYTE (NA,K,CL,CO2) (IPD)^02 CHEMISTRY^^^CHEMISTRY|R|20191126060000||||||||||1170^สมฤธัต ศิลารัตน์(นพ.)||203^ICU|||||||||||||||||||||||| 
OBR|2|61572303|61572303|P68^Kidney Function (BUN/Cr)^02 CHEMISTRY^^^CHEMISTRY|R|20191126060000||||||||||1170^สมฤธัต ศิลารัตน์(นพ.)||203^ICU|||||||||||||||||||||||| 

03/02/2020 01:06:03 Save Lab_request_data to : C:\Users\Administrator\Desktop\nextit\InterfaceRequest\bin\Debug\requestdata\20191225032204_560017973.HL7



03/02/2020 01:06:05  Start Running !!
03/02/2020 01:06:05 Have request ID = 18
03/02/2020 01:06:05 Lab_request_data(NW) are: MSH|^~\&|HIS|BMSHOSxP|LIS||20191126005539||ORM^O01|61572304RQ549968|P|2.3||||||| 
PID|1||560017973|1130500055138|แก้วปทุม^เริงใจ^^น.ส.^น.ส.|แก้วปทุม^คุณสมพร|19900309000000|F||2028-9|50/4 หมู่ 2 ถนน ^ลาดหลุมแก้ว^^ปทุมธานี^12140||||||||||||||||||| 
PV1|1|I|203^203^ICU-02||620015143||1078^วรัญญา ใจหงิม|||11800|203^ICU||||||0060^จิราภา ทองผิว  (พญ.)|34^34 ปกส (ประกันสังคม)|621025095012|||||||||||||||||||||||||20191025133336||||||| 
ORC|NW|61572304|61572304||||||20191126004111|||1170^สมฤธัต ศิลารัตน์(นพ.)||||||LABROOM01|0483^ธนพร แย้มเจริญวงศ์
OBR|1|61572304|61572304|P12^CBC^03 HEMATOLOGY^^^HEMATOLOGY|R|20191126060000||||||||||1170^สมฤธัต ศิลารัตน์(นพ.)||203^ICU|||||||||||||||||||||||| 

03/02/2020 01:06:06 Save Lab_request_data to : C:\Users\Administrator\Desktop\nextit\InterfaceRequest\bin\Debug\requestdata\20191225032517_560017973.HL7



03/02/2020 01:06:08  Start Running !!
03/02/2020 01:06:08 Have request ID = 19
03/02/2020 01:06:08 Lab_request_data(NW) are: MSH|^~\&|HIS|BMSHOSxP|LIS||20191126003540||ORM^O01|61572307RQ549972|P|2.3||||||| 
PID|1||600012766|3670500825849|เป้ารัมย์^อะนันท์^^นาย^นาย|^|19731011000000|M||2028-9|22 หมู่ 12 ถนน ^บ่อรัง^^เพชรบูรณ์||-||||||||||||||||| 
PV1|1|I|203^203^ICU-11||620015692||1365^สมปอง  ยศเสนา|||11800|203^ICU||||||2021^จิโรจ พละเลิศ(นพ.)|34^34 ปกส (ประกันสังคม)|621104175409|||||||||||||||||||||||||20191104202520||||||| 
ORC|NW|61572307|61572307||||||20191126004154|||0027^โกศล ศิริพรรณพร (นพ.)||||||LABROOM01|0483^ธนพร แย้มเจริญวงศ์
OBR|1|61572307|61572307|P121^ELECTROLYTE (NA,K,CL,CO2) (IPD)^02 CHEMISTRY^^^CHEMISTRY|R|20191126060000||||||||||0027^โกศล ศิริพรรณพร (นพ.)||203^ICU|||||||||||||||||||||||| 
OBR|2|61572307|61572307|P68^Kidney Function (BUN/Cr)^02 CHEMISTRY^^^CHEMISTRY|R|20191126060000||||||||||0027^โกศล ศิริพรรณพร (นพ.)||203^ICU|||||||||||||||||||||||| 
OBR|3|61572307|61572307|28^MAGNESIUM^02 CHEMISTRY^^^CHEMISTRY|R|20191126060000||||||||||0027^โกศล ศิริพรรณพร (นพ.)||203^ICU|||||||||||||||||||||||| 

03/02/2020 01:06:08 Save Lab_request_data to : C:\Users\Administrator\Desktop\nextit\InterfaceRequest\bin\Debug\requestdata\20191225033503_600012766.HL7



03/02/2020 01:06:10  Start Running !!
03/02/2020 01:06:10 Have request ID = 20
03/02/2020 01:06:10 Lab_request_data(NW) are: MSH|^~\&|HIS|BMSHOSxP|LIS||20191126100608||ORM^O01|61572858RQ550536|P|2.3||||||| 
PID|1||580022506|3100502212130|ศรีลาปาน^วณาพรรณ^^น.ส.^น.ส.|ศรีลาปาน^นิตยา|19820625000000|F||2028-9|80/157 หมู่  ถนน ^ลาดสวาย^^ปทุมธานี^12150||089-2047937||||||||||||||||| 
PV1|1|I|502^210^5210||620016782||0669^รัชนี ศิริประภา|||11800|502^WARD 5B||||||1411^ปัณณทัต  เมฆนิติ(นพ.)|34^34 ปกส (ประกันสังคม)|621126082823|||||||||||||||||||||||||20191126091614||||||| 
ORC|NW|61572858|61572858||||||20191126100925|||1988^ปุณณัตถ์ กุลประสูติดิลก(นพ.)||||||LABROOM01|0483^ธนพร แย้มเจริญวงศ์
OBR|1|61572858|61572858|P121^ELECTROLYTE (NA,K,CL,CO2) (IPD)^02 CHEMISTRY^^^CHEMISTRY|R|20191126093354||||||||||1988^ปุณณัตถ์ กุลประสูติดิลก(นพ.)||502^WARD 5B|||||||||||||||||||||||| 
OBR|2|61572858|61572858|P68^Kidney Function (BUN/Cr)^02 CHEMISTRY^^^CHEMISTRY|R|20191126093354||||||||||1988^ปุณณัตถ์ กุลประสูติดิลก(นพ.)||502^WARD 5B|||||||||||||||||||||||| 

03/02/2020 01:06:10 Save Lab_request_data to : C:\Users\Administrator\Desktop\nextit\InterfaceRequest\bin\Debug\requestdata\20191225034218_580022506.HL7



03/02/2020 01:06:12  Start Running !!
03/02/2020 01:06:12 Have request ID = 21
03/02/2020 01:06:12 Lab_request_data(NW) are: MSH|^~\&|HIS|BMSHOSxP|LIS||20191126101108||ORM^O01|61572859RQ550537|P|2.3||||||| 
PID|1||580022506|3100502212130|ศรีลาปาน^วณาพรรณ^^น.ส.^น.ส.|ศรีลาปาน^นิตยา|19820625000000|F||2028-9|80/157 หมู่  ถนน ^ลาดสวาย^^ปทุมธานี^12150||089-2047937||||||||||||||||| 
PV1|1|I|502^210^5210||620016782||0669^รัชนี ศิริประภา|||11800|502^WARD 5B||||||1411^ปัณณทัต  เมฆนิติ(นพ.)|34^34 ปกส (ประกันสังคม)|621126082823|||||||||||||||||||||||||20191126091614||||||| 
ORC|NW|61572859|61572859||||||20191126100925|||1988^ปุณณัตถ์ กุลประสูติดิลก(นพ.)||||||LABROOM01|0483^ธนพร แย้มเจริญวงศ์
OBR|1|61572859|61572859|P12^CBC^03 HEMATOLOGY^^^HEMATOLOGY|R|20191126093354||||||||||1988^ปุณณัตถ์ กุลประสูติดิลก(นพ.)||502^WARD 5B|||||||||||||||||||||||| 

03/02/2020 01:06:12 Save Lab_request_data to : C:\Users\Administrator\Desktop\nextit\InterfaceRequest\bin\Debug\requestdata\20191225034453_580022506.HL7



03/02/2020 01:06:14  Start Running !!
03/02/2020 01:06:14 Have request ID = 22
03/02/2020 01:06:14 Lab_request_data(NW) are: MSH|^~\&|HIS|BMSHOSxP|LIS||20191108010139||ORM^O01|61551333RQ529545|P|2.3||||||| 
PID|1||560017973|1130500055138|แก้วปทุม^เริงใจ^^น.ส.^น.ส.|แก้วปทุม^คุณสมพร|19900309000000|F||2028-9|50/4 หมู่ 2 ถนน ^ลาดหลุมแก้ว^^ปทุมธานี^12140||||||||||||||||||| 
PV1|1|I|203^203^ICU-02||620015143||1078^วรัญญา ใจหงิม|||11800|203^ICU||||||0060^จิราภา ทองผิว  (พญ.)|34^34 ปกส (ประกันสังคม)|621025095012|||||||||||||||||||||||||20191025133336||||||| 
ORC|NW|61551333|61551333||||||20191108013743|||1170^สมฤธัต ศิลารัตน์(นพ.)||||||LABROOM01|0707^มสารัศม์ เกียรติชนะพงษ์
OBR|1|61551333|61551333|P71^ELECTROLYTE (NA,K,CL,CO2) (OPD)^02 CHEMISTRY^^^CHEMISTRY|R|20191108060000||||||||||1170^สมฤธัต ศิลารัตน์(นพ.)||203^ICU|||||||||||||||||||||||| 
OBR|2|61551333|61551333|P68^Kidney Function (BUN/Cr)^02 CHEMISTRY^^^CHEMISTRY|R|20191108060000||||||||||1170^สมฤธัต ศิลารัตน์(นพ.)||203^ICU|||||||||||||||||||||||| 
OBR|3|61551333|61551333|28^MAGNESIUM^02 CHEMISTRY^^^CHEMISTRY|R|20191108060000||||||||||1170^สมฤธัต ศิลารัตน์(นพ.)||203^ICU|||||||||||||||||||||||| 

03/02/2020 01:06:14 Save Lab_request_data to : C:\Users\Administrator\Desktop\nextit\InterfaceRequest\bin\Debug\requestdata\20191227102032_560017973.HL7



03/02/2020 01:06:16  Start Running !!
03/02/2020 01:06:16 Have request ID = 23
03/02/2020 01:06:16 Lab_request_data(NW) are: MSH|^~\&|HIS|BMSHOSxP|LIS||20191108010439||ORM^O01|61551334RQ529546|P|2.3||||||| 
PID|1||560017973|1130500055138|แก้วปทุม^เริงใจ^^น.ส.^น.ส.|แก้วปทุม^คุณสมพร|19900309000000|F||2028-9|50/4 หมู่ 2 ถนน ^ลาดหลุมแก้ว^^ปทุมธานี^12140||||||||||||||||||| 
PV1|1|I|203^203^ICU-02||620015143||1078^วรัญญา ใจหงิม|||11800|203^ICU||||||0060^จิราภา ทองผิว  (พญ.)|34^34 ปกส (ประกันสังคม)|621025095012|||||||||||||||||||||||||20191025133336||||||| 
ORC|NW|61551334|61551334||||||20191108013743|||1170^สมฤธัต ศิลารัตน์(นพ.)||||||LABROOM01|0707^มสารัศม์ เกียรติชนะพงษ์
OBR|1|61551334|61551334|P12^CBC^03 HEMATOLOGY^^^HEMATOLOGY|R|20191108060000||||||||||1170^สมฤธัต ศิลารัตน์(นพ.)||203^ICU|||||||||||||||||||||||| 

03/02/2020 01:06:16 Save Lab_request_data to : C:\Users\Administrator\Desktop\nextit\InterfaceRequest\bin\Debug\requestdata\20191227102204_560017973.HL7



03/02/2020 01:06:18  Start Running !!
03/02/2020 01:06:18 Have request ID = 24
03/02/2020 01:06:18 Lab_request_data(NW) are: MSH|^~\&|HIS|BMSHOSxP|LIS||20191123220256||ORM^O01|61570139RQ547838|P|2.3||||||| 
PID|1||550016276|1100701756001|จินโจ^กชพงศ์^^นาย^นาย|อาจสาลี^สุวรรณา|19930716000000|M||2028-9|69 หมู่ 1 ถนน ^ก้านเหลือง^^ศรีสะเกษ^33120||||||||||||||||||| 
PV1|1|O|01^063||||2027^จินตนา เจริญสุข|||11800|063^063 อายุรกรรม ER (OD)||||||2005^จินตนา เจริญสุข|10^10 เงินสด|621123223656|||||||||||||||||||||||||20191123223656||||||| 
ORC|NW|61570139|61570139||||||20191123225553|||2005^มุกดา สำเภาน้อย(พญ.)||||||LABROOM01|0483^ธนพร แย้มเจริญวงศ์
OBR|1|61570139|61570139|P12^CBC^03 HEMATOLOGY^^^HEMATOLOGY|R|20191123224305||||||||||2005^มุกดา สำเภาน้อย(พญ.)||063^063 อายุรกรรม ER (OD)|||||||||||||||||||||||| 

03/02/2020 01:06:18 Save Lab_request_data to : C:\Users\Administrator\Desktop\nextit\InterfaceRequest\bin\Debug\requestdata\20191227102641_550016276.HL7



03/02/2020 01:06:20  Start Running !!
03/02/2020 01:06:20 Have request ID = 25
03/02/2020 01:06:20 Lab_request_data(NW) are: MSH|^~\&|HIS|BMSHOSxP|LIS||20191123220256||ORM^O01|61570140RQ547839|P|2.3||||||| 
PID|1||550016276|1100701756001|จินโจ^กชพงศ์^^นาย^นาย|อาจสาลี^สุวรรณา|19930716000000|M||2028-9|69 หมู่ 1 ถนน ^ก้านเหลือง^^ศรีสะเกษ^33120||||||||||||||||||| 
PV1|1|O|01^063||||2027^จินตนา เจริญสุข|||11800|063^063 อายุรกรรม ER (OD)||||||2005^จินตนา เจริญสุข|10^10 เงินสด|621123223656|||||||||||||||||||||||||20191123223656||||||| 
ORC|NW|61570140|61570140||||||20191123225554|||2005^มุกดา สำเภาน้อย(พญ.)||||||LABROOM01|0483^ธนพร แย้มเจริญวงศ์
OBR|1|61570140|61570140|782^INFLUENZA RAPID TEST^06 SEROLOGY^^^SEROLOGY|R|20191123224305||||||||||2005^มุกดา สำเภาน้อย(พญ.)||063^063 อายุรกรรม ER (OD)|||||||||||||||||||||||| 

03/02/2020 01:06:20 Save Lab_request_data to : C:\Users\Administrator\Desktop\nextit\InterfaceRequest\bin\Debug\requestdata\20191227102813_550016276.HL7



03/02/2020 01:06:22  Start Running !!
03/02/2020 01:06:22 Have request ID = 26
03/02/2020 01:06:22 Lab_request_data(NW) are: MSH|^~\&|HIS|BMSHOSxP|LIS||20191123222045||ORM^O01|61570136RQ547834|P|2.3||||||| 
PID|1||510019726|3130300230129|คงโต^ปานณรี^^นาง^นาง|^--|19710829000000|F||2028-9|55/4 หมู่ 1 ถนน ^รังสิต^^ปทุมธานี||084-3769095||||||||||||||||| 
PV1|1|I|702^7202^712-B||620016668||1374^นิตยา ศรีภีกดี|||11800|702^WARD 7B||||||0866^ธีรศักดิ์  จิรวงศ์บุญรอด (นพ.)|34^34 ปกส (ประกันสังคม)|621123205329|||||||||||||||||||||||||20191123222504||||||| 
ORC|NW|61570136|61570136||||||20191123224516|||1170^สมฤธัต ศิลารัตน์(นพ.)||||||LABROOM01|0483^ธนพร แย้มเจริญวงศ์
OBR|1|61570136|61570136|P121^ELECTROLYTE (NA,K,CL,CO2) (IPD)^02 CHEMISTRY^^^CHEMISTRY|R|20191123223434||||||||||1170^สมฤธัต ศิลารัตน์(นพ.)||702^WARD 7B|||||||||||||||||||||||| 
OBR|2|61570136|61570136|P68^Kidney Function (BUN/Cr)^02 CHEMISTRY^^^CHEMISTRY|R|20191123223434||||||||||1170^สมฤธัต ศิลารัตน์(นพ.)||702^WARD 7B|||||||||||||||||||||||| 

03/02/2020 01:06:22 Save Lab_request_data to : C:\Users\Administrator\Desktop\nextit\InterfaceRequest\bin\Debug\requestdata\20191227103402_510019726.HL7



03/02/2020 01:06:24  Start Running !!
03/02/2020 01:06:24 Have request ID = 27
03/02/2020 01:06:24 Lab_request_data(NW) are: MSH|^~\&|HIS|BMSHOSxP|LIS||20191123222845||ORM^O01|61570137RQ547836|P|2.3||||||| 
PID|1||510019726|3130300230129|คงโต^ปานณรี^^นาง^นาง|^--|19710829000000|F||2028-9|55/4 หมู่ 1 ถนน ^รังสิต^^ปทุมธานี||084-3769095||||||||||||||||| 
PV1|1|I|702^7202^712-B||620016668||1374^นิตยา ศรีภีกดี|||11800|702^WARD 7B||||||0866^ธีรศักดิ์  จิรวงศ์บุญรอด (นพ.)|34^34 ปกส (ประกันสังคม)|621123205329|||||||||||||||||||||||||20191123222504||||||| 
ORC|NW|61570137|61570137||||||20191123224516|||1170^สมฤธัต ศิลารัตน์(นพ.)||||||LABROOM01|0483^ธนพร แย้มเจริญวงศ์
OBR|1|61570137|61570137|P12^CBC^03 HEMATOLOGY^^^HEMATOLOGY|R|20191123223434||||||||||1170^สมฤธัต ศิลารัตน์(นพ.)||702^WARD 7B|||||||||||||||||||||||| 

03/02/2020 01:06:24 Save Lab_request_data to : C:\Users\Administrator\Desktop\nextit\InterfaceRequest\bin\Debug\requestdata\20191227103516_510019726.HL7



03/02/2020 01:06:26  Start Running !!
03/02/2020 01:06:26 Have request ID = 28
03/02/2020 01:06:26 Lab_request_data(NW) are: MSH|^~\&|HIS|BMSHOSxP|LIS||20191123222219||ORM^O01|61570130RQ547828|P|2.3||||||| 
PID|1||610014686|1104200746091|พฤกษพรพิศาล^ธีริศรา^^ด.ญ.^ด.ญ.|มนตรา^คุณมนทิรา|20100615173200|F||2028-9|54 หมู่ 4^คลองหนึ่ง^^ปทุมธานี||||||||||||||||||| 
PV1|1|I|401^4A09^4109-1||620016665||1374^นิตยา ศรีภีกดี|||11800|401^WARD 4A||||||2008^จิณห์จุฑา นิธิอุทัย(พญ.)|31^31 ประกันชีวิต|621123195616|||||||||||||||||||||||||20191123215623||||||| 
ORC|NW|61570130|61570130||||||20191123221917|||0549^ชีวรัตน์ ไชยสาร (พญ.)||||||LABROOM01|0483^ธนพร แย้มเจริญวงศ์
OBR|1|61570130|61570130|P12^CBC^03 HEMATOLOGY^^^HEMATOLOGY|R|20191123221002||||||||||0549^ชีวรัตน์ ไชยสาร (พญ.)||401^WARD 4A|||||||||||||||||||||||| 

03/02/2020 01:06:26 Save Lab_request_data to : C:\Users\Administrator\Desktop\nextit\InterfaceRequest\bin\Debug\requestdata\20191227110343_610014686.HL7



03/02/2020 01:06:28  Start Running !!
03/02/2020 01:06:28 Have request ID = 29
03/02/2020 01:06:28 Lab_request_data(NW) are: MSH|^~\&|HIS|BMSHOSxP|LIS||20191123223319||ORM^O01|61570132RQ547830|P|2.3||||||| 
PID|1||610014686|1104200746091|พฤกษพรพิศาล^ธีริศรา^^ด.ญ.^ด.ญ.|มนตรา^คุณมนทิรา|20100615173200|F||2028-9|54 หมู่ 4^คลองหนึ่ง^^ปทุมธานี||||||||||||||||||| 
PV1|1|I|401^4A09^4109-1||620016665||1374^นิตยา ศรีภีกดี|||11800|401^WARD 4A||||||2008^จิณห์จุฑา นิธิอุทัย(พญ.)|31^31 ประกันชีวิต|621123195616|||||||||||||||||||||||||20191123215623||||||| 
ORC|NW|61570132|61570132||||||20191123221917|||0549^ชีวรัตน์ ไชยสาร (พญ.)||||||LABROOM01|0483^ธนพร แย้มเจริญวงศ์
OBR|1|61570132|61570132|782^INFLUENZA RAPID TEST^06 SEROLOGY^^^SEROLOGY|R|20191123221002||||||||||0549^ชีวรัตน์ ไชยสาร (พญ.)||401^WARD 4A|||||||||||||||||||||||| 

03/02/2020 01:06:28 Save Lab_request_data to : C:\Users\Administrator\Desktop\nextit\InterfaceRequest\bin\Debug\requestdata\20191227110504_610014686.HL7



03/02/2020 01:06:30  Start Running !!
03/02/2020 01:06:30 Have request ID = 30
03/02/2020 01:06:30 Lab_request_data(NW) are: MSH|^~\&|HIS|BMSHOSxP|LIS||20191123223319||ORM^O01|61570131RQ547831|P|2.3||||||| 
PID|1||610014686|1104200746091|พฤกษพรพิศาล^ธีริศรา^^ด.ญ.^ด.ญ.|มนตรา^คุณมนทิรา|20100615173200|F||2028-9|54 หมู่ 4^คลองหนึ่ง^^ปทุมธานี||||||||||||||||||| 
PV1|1|I|401^4A09^4109-1||620016665||1374^นิตยา ศรีภีกดี|||11800|401^WARD 4A||||||2008^จิณห์จุฑา นิธิอุทัย(พญ.)|31^31 ประกันชีวิต|621123195616|||||||||||||||||||||||||20191123215623||||||| 
ORC|NW|61570131|61570131||||||20191123221917|||0549^ชีวรัตน์ ไชยสาร (พญ.)||||||LABROOM01|0483^ธนพร แย้มเจริญวงศ์
OBR|1|61570131|61570131|P65^DENGUE  DUO(Ag-Ab)^04 IMMUNOLOGY^^^IMMUNOLOGY|R|20191123221002||||||||||0549^ชีวรัตน์ ไชยสาร (พญ.)||401^WARD 4A|||||||||||||||||||||||| 

03/02/2020 01:06:30 Save Lab_request_data to : C:\Users\Administrator\Desktop\nextit\InterfaceRequest\bin\Debug\requestdata\20191227110626_610014686.HL7



03/02/2020 01:06:32  Start Running !!
03/02/2020 01:06:32 Have request ID = 31
03/02/2020 01:06:32 Lab_request_data(NW) are: MSH|^~\&|HIS|BMSHOSxP|LIS||20191123223919||ORM^O01|61570134RQ547832|P|2.3||||||| 
PID|1||610014686|1104200746091|พฤกษพรพิศาล^ธีริศรา^^ด.ญ.^ด.ญ.|มนตรา^คุณมนทิรา|20100615173200|F||2028-9|54 หมู่ 4^คลองหนึ่ง^^ปทุมธานี||||||||||||||||||| 
PV1|1|I|401^4A09^4109-1||620016665||1374^นิตยา ศรีภีกดี|||11800|401^WARD 4A||||||2008^จิณห์จุฑา นิธิอุทัย(พญ.)|31^31 ประกันชีวิต|621123195616|||||||||||||||||||||||||20191123215623||||||| 
ORC|NW|61570134|61570134||||||20191123221918|||0549^ชีวรัตน์ ไชยสาร (พญ.)||||||LABROOM01|0483^ธนพร แย้มเจริญวงศ์
OBR|1|61570134|61570134|P66^HEMO Culture + Sensitivity ขวดที่ 1^05 MICROSCOPIC^^^MICROSCOPIC|R|20191123221106||||||||||0549^ชีวรัตน์ ไชยสาร (พญ.)||401^WARD 4A|||||||||||||||||||||||| 

03/02/2020 01:06:32 Save Lab_request_data to : C:\Users\Administrator\Desktop\nextit\InterfaceRequest\bin\Debug\requestdata\20191227110825_610014686.HL7



03/02/2020 01:06:34  Start Running !!
03/02/2020 01:06:34 Have request ID = 32
03/02/2020 01:06:34 Lab_request_data(NW) are: MSH|^~\&|HIS|BMSHOSxP|LIS||20191123212108||ORM^O01|61570096RQ547820|P|2.3||||||| 
PID|1||520037547|3130200585626|ภู่เทศ^ปราโมทย์^^นาย^นาย|ภู่เทศ^ละมูล|19731213000000|M||2028-9|1 หมู่ 1 ถนน ^คลองหก^^ปทุมธานี||0841010389||||||||||||||||| 
PV1|1|I|602^212^6213-B||620016663||1374^นิตยา ศรีภีกดี|||11800|602^WARD 6B||||||1435^ศิริลักษณ์ สุทธินนท์ (พญ.)|60^60 บัตรทอง 2556|621123190335|||||||||||||||||||||||||20191123194411||||||| 
ORC|NW|61570096|61570096||||||20191123210813|||2380^สกาวเดือน นามโคต||||||LABROOM01|1984^เสาวนีย์ สีสงกา
OBR|1|61570096|61570096|P121^ELECTROLYTE (NA,K,CL,CO2) (IPD)^02 CHEMISTRY^^^CHEMISTRY|R|20191123200722||||||||||2380^สกาวเดือน นามโคต||602^WARD 6B|||||||||||||||||||||||| 
OBR|2|61570096|61570096|P68^Kidney Function (BUN/Cr)^02 CHEMISTRY^^^CHEMISTRY|R|20191123200722||||||||||2380^สกาวเดือน นามโคต||602^WARD 6B|||||||||||||||||||||||| 

03/02/2020 01:06:34 Save Lab_request_data to : C:\Users\Administrator\Desktop\nextit\InterfaceRequest\bin\Debug\requestdata\20191227111615_520037547.HL7



03/02/2020 01:06:36  Start Running !!
03/02/2020 01:06:36 Have request ID = 33
03/02/2020 01:06:36 Lab_request_data(NW) are: MSH|^~\&|HIS|BMSHOSxP|LIS||20191123212908||ORM^O01|61570097RQ547821|P|2.3||||||| 
PID|1||520037547|3130200585626|ภู่เทศ^ปราโมทย์^^นาย^นาย|ภู่เทศ^ละมูล|19731213000000|M||2028-9|1 หมู่ 1 ถนน ^คลองหก^^ปทุมธานี||0841010389||||||||||||||||| 
PV1|1|I|602^212^6213-B||620016663||1374^นิตยา ศรีภีกดี|||11800|602^WARD 6B||||||1435^ศิริลักษณ์ สุทธินนท์ (พญ.)|60^60 บัตรทอง 2556|621123190335|||||||||||||||||||||||||20191123194411||||||| 
ORC|NW|61570097|61570097||||||20191123210813|||2380^สกาวเดือน นามโคต||||||LABROOM01|1984^เสาวนีย์ สีสงกา
OBR|1|61570097|61570097|P12^CBC^03 HEMATOLOGY^^^HEMATOLOGY|R|20191123200722||||||||||2380^สกาวเดือน นามโคต||602^WARD 6B|||||||||||||||||||||||| 

03/02/2020 01:06:36 Save Lab_request_data to : C:\Users\Administrator\Desktop\nextit\InterfaceRequest\bin\Debug\requestdata\20191227111729_520037547.HL7



03/02/2020 01:06:38  Start Running !!
03/02/2020 01:06:38 Have request ID = 34
03/02/2020 01:06:38 Lab_request_data(NW) are: MSH|^~\&|HIS|BMSHOSxP|LIS||20191123215503||ORM^O01|61570110RQ547818|P|2.3||||||| 
PID|1||540047638|1430100145102|บุญสุนีย์^วิษณุ^^นาย^นาย|บุญสุนีย์^แบงคลี|19920513000000|M||2028-9|218 หมู่ 6 ถนน ^บางพูน^^ปทุมธานี||085-3037537||||||||||||||||| 
PV1|1|I|602^212^6204-A||620016661||1374^นิตยา ศรีภีกดี|||11800|602^WARD 6B||||||2551^ธนัญญา เมธาภาคย์(พญ.)|34^34 ปกส (ประกันสังคม)|621123173908|||||||||||||||||||||||||20191123190003||||||| 
ORC|NW|61570110|61570110||||||20191123210348|||1170^สมฤธัต ศิลารัตน์(นพ.)||||||LABROOM01|1984^เสาวนีย์ สีสงกา
OBR|1|61570110|61570110|P65^DENGUE  DUO(Ag-Ab)^04 IMMUNOLOGY^^^IMMUNOLOGY|R|20191123205540||||||||||1170^สมฤธัต ศิลารัตน์(นพ.)||602^WARD 6B|||||||||||||||||||||||| 

03/02/2020 01:06:38 Save Lab_request_data to : C:\Users\Administrator\Desktop\nextit\InterfaceRequest\bin\Debug\requestdata\20191227112205_540047638.HL7



03/02/2020 01:06:40  Start Running !!
03/02/2020 01:06:40 Have request ID = 35
03/02/2020 01:06:40 Lab_request_data(NW) are: MSH|^~\&|HIS|BMSHOSxP|LIS||20191123214216||ORM^O01|61570114RQ547823|P|2.3||||||| 
PID|1||620031967|3140600535090|พงษ์มุลี^ลิขิตมา^^น.ส.^น.ส.|^|19700822000000|F||2028-9|8/15 หมู่ 4^คลองหนึ่ง^^ปทุมธานี^12120||||||||||||||||||| 
PV1|1|O|15^063||||2027^จินตนา เจริญสุข|||11800|063^063 อายุรกรรม ER (OD)||||||2005^จินตนา เจริญสุข|10^10 เงินสด|621123203033|||||||||||||||||||||||||20191123203033||||||| 
ORC|NW|61570114|61570114||||||20191123211635|||2005^มุกดา สำเภาน้อย(พญ.)||||||LABROOM01|0483^ธนพร แย้มเจริญวงศ์
OBR|1|61570114|61570114|P71^ELECTROLYTE (NA,K,CL,CO2) (OPD)^02 CHEMISTRY^^^CHEMISTRY|R|20191123205819||||||||||2005^มุกดา สำเภาน้อย(พญ.)||063^063 อายุรกรรม ER (OD)|||||||||||||||||||||||| 
OBR|2|61570114|61570114|P68^Kidney Function (BUN/Cr)^02 CHEMISTRY^^^CHEMISTRY|R|20191123205819||||||||||2005^มุกดา สำเภาน้อย(พญ.)||063^063 อายุรกรรม ER (OD)|||||||||||||||||||||||| 

03/02/2020 01:06:40 Save Lab_request_data to : C:\Users\Administrator\Desktop\nextit\InterfaceRequest\bin\Debug\requestdata\20191227113450_620031967.HL7



03/02/2020 01:06:42  Start Running !!
03/02/2020 01:06:42 Have request ID = 36
03/02/2020 01:06:42 Lab_request_data(NW) are: MSH|^~\&|HIS|BMSHOSxP|LIS||20191123214716||ORM^O01|61570115RQ547824|P|2.3||||||| 
PID|1||620031967|3140600535090|พงษ์มุลี^ลิขิตมา^^น.ส.^น.ส.|^|19700822000000|F||2028-9|8/15 หมู่ 4^คลองหนึ่ง^^ปทุมธานี^12120||||||||||||||||||| 
PV1|1|O|15^063||||2027^จินตนา เจริญสุข|||11800|063^063 อายุรกรรม ER (OD)||||||2005^จินตนา เจริญสุข|10^10 เงินสด|621123203033|||||||||||||||||||||||||20191123203033||||||| 
ORC|NW|61570115|61570115||||||20191123211635|||2005^มุกดา สำเภาน้อย(พญ.)||||||LABROOM01|0483^ธนพร แย้มเจริญวงศ์
OBR|1|61570115|61570115|P12^CBC^03 HEMATOLOGY^^^HEMATOLOGY|R|20191123205819||||||||||2005^มุกดา สำเภาน้อย(พญ.)||063^063 อายุรกรรม ER (OD)|||||||||||||||||||||||| 

03/02/2020 01:06:42 Save Lab_request_data to : C:\Users\Administrator\Desktop\nextit\InterfaceRequest\bin\Debug\requestdata\20191227113703_620031967.HL7



03/02/2020 01:06:44  Start Running !!
03/02/2020 01:06:44 Have request ID = 37
03/02/2020 01:06:44 Lab_request_data(NW) are: MSH|^~\&|HIS|BMSHOSxP|LIS||20191123070251||ORM^O01|61569390RQ547147|P|2.3||||||| 
PID|1||510029253|1409900085951|มั่นระวัง^ชัชญานันท์^^น.ส.^น.ส.|มั่นระวัง^ประภาส|19841102000000|F||2028-9|90/227 หมู่  ถนน 31^ลาดสวาย^^ปทุมธานี^12150||||||||||||||||||| 
PV1|1|I|702^7202^723-B||620016637||2611^อรสา น้ำขาว|||11800|702^WARD 7B||||||2565^กวิสรา ชัยพรธนรัตน์ (พญ.)|10^10 เงินสด|621122234219|||||||||||||||||||||||||20191123001405||||||| 
ORC|NW|61569390|61569390||||||20191123074930|||0211^ปิติ ลักษิตานนท์ (นพ.)||||||LABBLOODFL1|2523^ศกุนตลา ยอดแก้ว
OBR|1|61569390|61569390|P121^ELECTROLYTE (NA,K,CL,CO2) (IPD)^02 CHEMISTRY^^^CHEMISTRY|R|20191123074156||||||||||0211^ปิติ ลักษิตานนท์ (นพ.)||702^WARD 7B|||||||||||||||||||||||| 

03/02/2020 01:06:44 Save Lab_request_data to : C:\Users\Administrator\Desktop\nextit\InterfaceRequest\bin\Debug\requestdata\20191227114603_510029253.HL7



03/02/2020 01:06:46  Start Running !!
03/02/2020 01:06:46 Have request ID = 40
03/02/2020 01:06:46 Lab_request_data(NW) are: MSH|^~\&|HIS|BMSHOSxP|LIS||20191123073950||ORM^O01|61569400RQ547145|P|2.3||||||| 
PID|1||520036482|3140400144909|เจริญรื่น^อภิวันทน์^^น.ส.^น.ส.|^|19681024000000|F||2028-9|71/10 หมู่ 3 ถนน ^เชียงรากน้อย^^ปทุมธานี^12160||02-979-8558||||||||||||||||| 
PV1|1|O|01^088||||1374^นิตยา ศรีภีกดี|||11800|088^088 อายุรกรรม (GP1)||||||^นิตยา ศรีภีกดี|34^34 ปกส (ประกันสังคม)|621123073512|||||||||||||||||||||||||20191123073512||||||| 
ORC|NW|61569400|61569400||||||20191123074906|||2005^มุกดา สำเภาน้อย(พญ.)||||||LABBLOODFL1|2523^ศกุนตลา ยอดแก้ว
OBR|1|61569400|61569400|1^SUGAR (BLOOD GLUCOSE)^02 CHEMISTRY^^^CHEMISTRY|R|20191123075022||||||||||2005^มุกดา สำเภาน้อย(พญ.)||088^088 อายุรกรรม (GP1)|||||||||||||||||||||||| 

03/02/2020 01:06:46 Save Lab_request_data to : C:\Users\Administrator\Desktop\nextit\InterfaceRequest\bin\Debug\requestdata\20191227115856_520036482.HL7



